<?xml version="1.0" encoding="UTF-8"?>
<testsuite name="scraping.coocon.com.web.dto.HelloResponseDtoTest" tests="1" skipped="0" failures="0" errors="0" timestamp="2021-08-18T13:36:16" hostname="gim-yeongbin-ui-MacBook-Pro.local" time="0.039">
  <properties/>
  <testcase name="롬복_기능_테스트" classname="scraping.coocon.com.web.dto.HelloResponseDtoTest" time="0.039"/>
  <system-out><![CDATA[]]></system-out>
  <system-err><![CDATA[]]></system-err>
</testsuite>
